2026-04-16T14:44:52.949315473Z [inf]  
2026-04-16T14:44:53.518495379Z [inf]  [35m[Region: us-west1][0m
2026-04-16T14:44:53.547341145Z [inf]  [35m==============
2026-04-16T14:44:53.547399300Z [inf]  Using Nixpacks
2026-04-16T14:44:53.547406635Z [inf]  ==============
2026-04-16T14:44:53.547411505Z [inf]  [0m
2026-04-16T14:44:53.547579007Z [inf]  context: qxn2-zC
2026-04-16T14:44:54.017528503Z [inf]  ╔═════════════ Nixpacks v1.38.0 ═════════════╗
2026-04-16T14:44:54.017583731Z [inf]  ║ setup      │ nodejs_20, pnpm-9_x, openssl  ║
2026-04-16T14:44:54.017593356Z [inf]  ║────────────────────────────────────────────║
2026-04-16T14:44:54.017607242Z [inf]  ║ install    │ pnpm i --frozen-lockfile      ║
2026-04-16T14:44:54.017614465Z [inf]  ║────────────────────────────────────────────║
2026-04-16T14:44:54.017622982Z [inf]  ║ build      │ pnpm install && pnpm build    ║
2026-04-16T14:44:54.017627446Z [inf]  ║────────────────────────────────────────────║
2026-04-16T14:44:54.017631062Z [inf]  ║ start      │ pnpm db:migrate && pnpm start ║
2026-04-16T14:44:54.017635195Z [inf]  ╚════════════════════════════════════════════╝
2026-04-16T14:44:54.296744721Z [inf]  [internal] load build definition from Dockerfile
2026-04-16T14:44:54.296837396Z [inf]  [internal] load build definition from Dockerfile
2026-04-16T14:44:54.296905623Z [inf]  [internal] load build definition from Dockerfile
2026-04-16T14:44:54.316029088Z [inf]  [internal] load build definition from Dockerfile
2026-04-16T14:44:54.322244213Z [inf]  [internal] load metadata for ghcr.io/railwayapp/nixpacks:ubuntu-1745885067
2026-04-16T14:44:54.638219729Z [inf]  [internal] load metadata for ghcr.io/railwayapp/nixpacks:ubuntu-1745885067
2026-04-16T14:44:54.638617721Z [inf]  [internal] load .dockerignore
2026-04-16T14:44:54.638670265Z [inf]  [internal] load .dockerignore
2026-04-16T14:44:54.638813668Z [inf]  [internal] load .dockerignore
2026-04-16T14:44:54.655735912Z [inf]  [internal] load .dockerignore
2026-04-16T14:44:54.674394009Z [inf]  [stage-0 10/10] COPY . /app
2026-04-16T14:44:54.674467319Z [inf]  [stage-0  9/10] RUN printf '\nPATH=/app/node_modules/.bin:$PATH' >> /root/.profile
2026-04-16T14:44:54.674618229Z [inf]  [internal] load build context
2026-04-16T14:44:54.675053243Z [inf]  [internal] load build context
2026-04-16T14:44:54.742342730Z [inf]  [internal] load build context
2026-04-16T14:44:54.747733515Z [inf]  [stage-0  2/16] WORKDIR /app/
2026-04-16T14:44:54.747804240Z [inf]  [stage-0  2/16] WORKDIR /app/
2026-04-16T14:44:54.747846365Z [inf]  [stage-0  3/10] COPY .nixpacks/nixpkgs-ffeebf0acf3ae8b29f8c7049cd911b9636efd7e7.nix .nixpacks/nixpkgs-ffeebf0acf3ae8b29f8c7049cd911b9636efd7e7.nix
2026-04-16T14:44:55.117867571Z [inf]  [stage-0  3/10] COPY .nixpacks/nixpkgs-ffeebf0acf3ae8b29f8c7049cd911b9636efd7e7.nix .nixpacks/nixpkgs-ffeebf0acf3ae8b29f8c7049cd911b9636efd7e7.nix
2026-04-16T14:44:55.120723135Z [inf]  [stage-0  4/10] RUN nix-env -if .nixpacks/nixpkgs-ffeebf0acf3ae8b29f8c7049cd911b9636efd7e7.nix && nix-collect-garbage -d
2026-04-16T14:44:55.362764323Z [inf]  unpacking 'https://github.com/NixOS/nixpkgs/archive/ffeebf0acf3ae8b29f8c7049cd911b9636efd7e7.tar.gz' into the Git cache...

2026-04-16T14:45:29.597147558Z [inf]  unpacking 'https://github.com/railwayapp/nix-npm-overlay/archive/main.tar.gz' into the Git cache...

2026-04-16T14:45:30.335583528Z [inf]  installing 'ffeebf0acf3ae8b29f8c7049cd911b9636efd7e7-env'

2026-04-16T14:45:31.269830911Z [inf]  these 5 derivations will be built:

2026-04-16T14:45:31.269850589Z [inf]    /nix/store/crmicnx1sb63i6q6md7i8vz9mxb5cair-pnpm-9.15.9.tgz.drv
  /nix/store/39q7099jg9cxpbhan0w51gs7m1drhrwg-pnpm.drv
  /nix/store/kmkgqwwal88b9lch9dl53iqa3wsm6vdb-libraries.drv
  /nix/store/91aaayacr12psqb9fmp8arg1xafgg9v2-ffeebf0acf3ae8b29f8c7049cd911b9636efd7e7-env.drv
  /nix/store/clll52mgzwah6r3zjf102dd0wsrbalfx-ffeebf0acf3ae8b29f8c7049cd911b9636efd7e7-env.drv

2026-04-16T14:45:31.269975451Z [inf]  these 83 paths will be fetched (121.68 MiB download, 571.91 MiB unpacked):
  /nix/store/cf7gkacyxmm66lwl5nj6j6yykbrg4q5c-acl-2.3.2
  /nix/store/a9jgnlhkjkxav6qrc3rzg2q84pkl2wvr-attr-2.5.2
  /nix/store/5mh7kaj2fyv8mk4sfq1brwxgc02884wi-bash-5.2p37
  /nix/store/j7p46r8v9gcpbxx89pbqlh61zhd33gzv-binutils-2.43.1
  /nix/store/df2a8k58k00f2dh2x930dg6xs6g6mliv-binutils-2.43.1-lib
  /nix/store/srcmmqi8kxjfygd0hyy42c8hv6cws83b-binutils-wrapper-2.43.1
  /nix/store/wf5zj2gbib3gjqllkabxaw4dh0gzcla3-builder.pl
  /nix/store/ivl2v8rgg7qh1jkj5pwpqycax3rc2hnl-bzip2-1.0.8
  /nix/store/mglixp03lsp0w986svwdvm7vcy17rdax-bzip2-1.0.8-bin
  /nix/store/4s9rah4cwaxflicsk5cndnknqlk9n4p3-coreutils-9.5
  /nix/store/pkc7mb4a4qvyz73srkqh4mwl70w98dsv-curl-8.11.0
  /nix/store/p123cq20klajcl9hj8jnkjip5nw6awhz-curl-8.11.0-bin
  /nix/store/5f5linrxzhhb3mrclkwdpm9bd8ygldna-curl-8.11.0-dev
  /nix/store/agvks3qmzja0yj54szi3vja6vx3cwkkw-curl-8.11.0-man
  /nix/store/00g69vw7c9lycy63h45ximy0wmzqx5y6-diffutils-3.10
  /nix/store/74h4z8k82pmp24xryflv4lxkz8jlpqqd-ed-1.20.2
  /nix/store/qbry6090vlr9ar33kdmmbq2p5apzbga8-expand-response-params
  /nix/store/c4rj90r2m89rxs64hmm857mipwjhig5d-file-5.46
  /nix/store/jqrz1vq5nz4lnv9pqzydj0ir58wbjfy1-findutils-4.10.0
  /nix/store/a3c47r5z1q2c4rz0kvq8hlilkhx2s718-gawk-5.3.1

2026-04-16T14:45:31.269978637Z [inf]    /nix/store/l89iqc7am6i60y8vk507zwrzxf0wcd3v-gcc-14-20241116

2026-04-16T14:45:31.270019164Z [inf]    /nix/store/bpq1s72cw9qb2fs8mnmlw6hn2c7iy0ss-gcc-14-20241116-lib
  /nix/store/17v0ywnr3akp85pvdi56gwl99ljv95kx-gcc-14-20241116-libgcc
  /nix/store/xcn9p4xxfbvlkpah7pwchpav4ab9d135-gcc-wrapper-14-20241116
  /nix/store/65h17wjrrlsj2rj540igylrx7fqcd6vq-glibc-2.40-36
  /nix/store/1c6bmxrrhm8bd26ai2rjqld2yyjrxhds-glibc-2.40-36-bin
  /nix/store/kj8hbqx4ds9qm9mq7hyikxyfwwg13kzj-glibc-2.40-36-dev

2026-04-16T14:45:31.270034548Z [inf]    /nix/store/kryrg7ds05iwcmy81amavk8w13y4lxbs-gmp-6.3.0
  /nix/store/a2byxfv4lc8f2g5xfzw8cz5q8k05wi29-gmp-with-cxx-6.3.0
  /nix/store/1m67ipsk39xvhyqrxnzv2m2p48pil8kl-gnu-config-2024-01-01
  /nix/store/aap6cq56amx4mzbyxp2wpgsf1kqjcr1f-gnugrep-3.11
  /nix/store/fp6cjl1zcmm6mawsnrb5yak1wkz2ma8l-gnumake-4.4.1
  /nix/store/abm77lnrkrkb58z6xp1qwjcr1xgkcfwm-gnused-4.9
  /nix/store/9cwwj1c9csmc85l2cqzs3h9hbf1vwl6c-gnutar-1.35

2026-04-16T14:45:31.270080117Z [inf]    /nix/store/nvvj6sk0k6px48436drlblf4gafgbvzr-gzip-1.13
  /nix/store/wwipgdqb4p2fr46kmw9c5wlk799kbl68-icu4c-74.2
  /nix/store/m8w3mf0i4862q22bxad0wspkgdy4jnkk-icu4c-74.2-dev
  /nix/store/xmbv8s4p4i4dbxgkgdrdfb0ym25wh6gk-isl-0.20
  /nix/store/2wh1gqyzf5xsvxpdz2k0bxiz583wwq29-keyutils-1.6.3-lib
  /nix/store/milph81dilrh96isyivh5n50agpx39k2-krb5-1.21.3
  /nix/store/b56mswksrql15knpb1bnhv3ysif340kd-krb5-1.21.3-dev
  /nix/store/v9c1s50x7magpiqgycxxkn36avzbcg0g-krb5-1.21.3-lib
  /nix/store/nlqind4szw3amcmhgy4pd2n0894558gg-libX11-1.8.10

2026-04-16T14:45:31.270093662Z [inf]    /nix/store/hjbxiwsc587b8dc6v6pisa34aj10hq23-libXau-1.0.11
  /nix/store/c9gk656q2x8av467r06hcjag31drjfzh-libXdmcp-1.1.5
  /nix/store/r87iqz07igmwfvb12mgr6rmpb6353ys4-libXext-1.3.6
  /nix/store/5mb70vg3kdzkyn0zqdgm4f87mdi0yi4i-libglvnd-1.7.0

2026-04-16T14:45:31.270098711Z [inf]    /nix/store/34z2792zyd4ayl5186vx0s98ckdaccz9-libidn2-2.3.7
  /nix/store/2a3anh8vl3fcgk0fvaravlimrqawawza-libmpc-1.3.1

2026-04-16T14:45:31.270102697Z [inf]    /nix/store/8675pnfr4fqnwv4pzjl67hdwls4q13aa-libssh2-1.11.1
  /nix/store/d7zhcrcc7q3yfbm3qkqpgc3daq82spwi-libssh2-1.11.1-dev

2026-04-16T14:45:31.27011454Z [inf]    /nix/store/xcqcgqazykf6s7fsn08k0blnh0wisdcl-libunistring-1.3
  /nix/store/r9ac2hwnmb0nxwsrvr6gi9wsqf2whfqj-libuv-1.49.2
  /nix/store/ll14czvpxglf6nnwmmrmygplm830fvlv-libuv-1.49.2-dev

2026-04-16T14:45:31.270130374Z [inf]    /nix/store/2j3c18398phz5c1376x2qvva8gx9g551-libxcb-1.17.0
  /nix/store/6cr0spsvymmrp1hj5n0kbaxw55w1lqyp-libxcrypt-4.4.36

2026-04-16T14:45:31.270134408Z [inf]    /nix/store/pc74azbkr19rkd5bjalq2xwx86cj3cga-linux-headers-6.12
  /nix/store/fv7gpnvg922frkh81w5hkdhpz0nw3iiz-mirrors-list

2026-04-16T14:45:31.270158313Z [inf]    /nix/store/qs22aazzrdd4dnjf9vffl0n31hvls43h-mpfr-4.2.1
  /nix/store/grixvx878884hy8x3xs0c0s1i00j632k-nghttp2-1.64.0
  /nix/store/dz97fw51rm5bl9kz1vg0haj1j1a7r1mr-nghttp2-1.64.0-dev
  /nix/store/qcghigzrz56vczwlzg9c02vbs6zr9jkz-nghttp2-1.64.0-lib
  /nix/store/j7dx1n6m5axf9r2bvly580x2ixx546wq-nodejs-20.18.1

2026-04-16T14:45:31.270161641Z [inf]    /nix/store/9l9n7a0v4aibcz0sgd0crs209an9p7dz-openssl-3.3.2
  /nix/store/h1ydpxkw9qhjdxjpic1pdc2nirggyy6f-openssl-3.3.2

2026-04-16T14:45:31.270175022Z [inf]    /nix/store/lygl27c44xv73kx1spskcgvzwq7z337c-openssl-3.3.2-bin
  /nix/store/qq5q0alyzywdazhmybi7m69akz0ppk05-openssl-3.3.2-bin
  /nix/store/kqm7wpqkzc4bwjlzqizcbz0mgkj06a9x-openssl-3.3.2-dev

2026-04-16T14:45:31.270193935Z [inf]    /nix/store/pp2zf8bdgyz60ds8vcshk2603gcjgp72-openssl-3.3.2-dev
  /nix/store/q10wlq1brcnc21v5qvhbj9fwlf806dgm-openssl-3.3.2-man
  /nix/store/5yja5dpk2qw1v5mbfbl2d7klcdfrh90w-patch-2.7.6
  /nix/store/srfxqk119fijwnprgsqvn68ys9kiw0bn-patchelf-0.15.0

2026-04-16T14:45:31.270197915Z [inf]    /nix/store/3j1p598fivxs69wx3a657ysv3rw8k06l-pcre2-10.44
  /nix/store/1i003ijlh9i0mzp6alqby5hg3090pjdx-perl-5.40.0
  /nix/store/4ig84cyqi6qy4n0sanrbzsw1ixa497jx-stdenv-linux

2026-04-16T14:45:31.270210116Z [inf]    /nix/store/d0gfdcag8bxzvg7ww4s7px4lf8sxisyx-stdenv-linux
  /nix/store/d29r1bdmlvwmj52apgcdxfl1mm9c5782-update-autotools-gnu-config-scripts-hook

2026-04-16T14:45:31.27022313Z [inf]    /nix/store/2phvd8h14vwls0da1kmsxc73vzmhkm3b-util-linux-minimal-2.39.4-lib
  /nix/store/acfkqzj5qrqs88a4a6ixnybbjxja663d-xgcc-14-20241116-libgcc

2026-04-16T14:45:31.270230494Z [inf]    /nix/store/c2njy6bv84kw1i4bjf5k5gn7gz8hn57n-xz-5.6.3

2026-04-16T14:45:31.270234175Z [inf]    /nix/store/h18s640fnhhj2qdh5vivcfbxvz377srg-xz-5.6.3-bin
  /nix/store/cqlaa2xf6lslnizyj9xqa8j0ii1yqw0x-zlib-1.3.1

2026-04-16T14:45:31.270245293Z [inf]    /nix/store/1lggwqzapn5mn49l9zy4h566ysv9kzdb-zlib-1.3.1-dev

2026-04-16T14:45:31.279017415Z [inf]  copying path '/nix/store/wf5zj2gbib3gjqllkabxaw4dh0gzcla3-builder.pl' from 'https://cache.nixos.org'...

2026-04-16T14:45:31.280889852Z [inf]  copying path '/nix/store/q10wlq1brcnc21v5qvhbj9fwlf806dgm-openssl-3.3.2-man' from 'https://cache.nixos.org'...

2026-04-16T14:45:31.282905226Z [inf]  copying path '/nix/store/17v0ywnr3akp85pvdi56gwl99ljv95kx-gcc-14-20241116-libgcc' from 'https://cache.nixos.org'...
copying path '/nix/store/1m67ipsk39xvhyqrxnzv2m2p48pil8kl-gnu-config-2024-01-01' from 'https://cache.nixos.org'...

2026-04-16T14:45:31.283380479Z [inf]  copying path '/nix/store/acfkqzj5qrqs88a4a6ixnybbjxja663d-xgcc-14-20241116-libgcc' from 'https://cache.nixos.org'...

2026-04-16T14:45:31.283591677Z [inf]  copying path '/nix/store/xcqcgqazykf6s7fsn08k0blnh0wisdcl-libunistring-1.3' from 'https://cache.nixos.org'...

2026-04-16T14:45:31.286897003Z [inf]  copying path '/nix/store/pc74azbkr19rkd5bjalq2xwx86cj3cga-linux-headers-6.12' from 'https://cache.nixos.org'...

2026-04-16T14:45:31.286912177Z [inf]  copying path '/nix/store/fv7gpnvg922frkh81w5hkdhpz0nw3iiz-mirrors-list' from 'https://cache.nixos.org'...

2026-04-16T14:45:31.287320792Z [inf]  copying path '/nix/store/agvks3qmzja0yj54szi3vja6vx3cwkkw-curl-8.11.0-man' from 'https://cache.nixos.org'...

2026-04-16T14:45:31.288175167Z [inf]  copying path '/nix/store/grixvx878884hy8x3xs0c0s1i00j632k-nghttp2-1.64.0' from 'https://cache.nixos.org'...

2026-04-16T14:45:31.303159778Z [inf]  copying path '/nix/store/d29r1bdmlvwmj52apgcdxfl1mm9c5782-update-autotools-gnu-config-scripts-hook' from 'https://cache.nixos.org'...

2026-04-16T14:45:31.363051342Z [inf]  copying path '/nix/store/34z2792zyd4ayl5186vx0s98ckdaccz9-libidn2-2.3.7' from 'https://cache.nixos.org'...

2026-04-16T14:45:31.388409138Z [inf]  copying path '/nix/store/65h17wjrrlsj2rj540igylrx7fqcd6vq-glibc-2.40-36' from 'https://cache.nixos.org'...

2026-04-16T14:45:31.992181689Z [inf]  copying path '/nix/store/a9jgnlhkjkxav6qrc3rzg2q84pkl2wvr-attr-2.5.2' from 'https://cache.nixos.org'...
copying path '/nix/store/5mh7kaj2fyv8mk4sfq1brwxgc02884wi-bash-5.2p37' from 'https://cache.nixos.org'...
copying path '/nix/store/ivl2v8rgg7qh1jkj5pwpqycax3rc2hnl-bzip2-1.0.8' from 'https://cache.nixos.org'...

2026-04-16T14:45:31.992205044Z [inf]  copying path '/nix/store/74h4z8k82pmp24xryflv4lxkz8jlpqqd-ed-1.20.2' from 'https://cache.nixos.org'...

2026-04-16T14:45:31.992263019Z [inf]  copying path '/nix/store/qbry6090vlr9ar33kdmmbq2p5apzbga8-expand-response-params' from 'https://cache.nixos.org'...
copying path '/nix/store/a3c47r5z1q2c4rz0kvq8hlilkhx2s718-gawk-5.3.1' from 'https://cache.nixos.org'...

2026-04-16T14:45:31.992406251Z [inf]  copying path '/nix/store/1c6bmxrrhm8bd26ai2rjqld2yyjrxhds-glibc-2.40-36-bin' from 'https://cache.nixos.org'...
copying path '/nix/store/kryrg7ds05iwcmy81amavk8w13y4lxbs-gmp-6.3.0' from 'https://cache.nixos.org'...

2026-04-16T14:45:31.992488265Z [inf]  copying path '/nix/store/fp6cjl1zcmm6mawsnrb5yak1wkz2ma8l-gnumake-4.4.1' from 'https://cache.nixos.org'...
copying path '/nix/store/bpq1s72cw9qb2fs8mnmlw6hn2c7iy0ss-gcc-14-20241116-lib' from 'https://cache.nixos.org'...
copying path '/nix/store/abm77lnrkrkb58z6xp1qwjcr1xgkcfwm-gnused-4.9' from 'https://cache.nixos.org'...

2026-04-16T14:45:31.992556996Z [inf]  copying path '/nix/store/2wh1gqyzf5xsvxpdz2k0bxiz583wwq29-keyutils-1.6.3-lib' from 'https://cache.nixos.org'...

2026-04-16T14:45:31.992598823Z [inf]  copying path '/nix/store/hjbxiwsc587b8dc6v6pisa34aj10hq23-libXau-1.0.11' from 'https://cache.nixos.org'...

2026-04-16T14:45:31.992730526Z [inf]  copying path '/nix/store/c9gk656q2x8av467r06hcjag31drjfzh-libXdmcp-1.1.5' from 'https://cache.nixos.org'...

2026-04-16T14:45:31.992780666Z [inf]  copying path '/nix/store/r9ac2hwnmb0nxwsrvr6gi9wsqf2whfqj-libuv-1.49.2' from 'https://cache.nixos.org'...

2026-04-16T14:45:32.02588744Z [inf]  copying path '/nix/store/6cr0spsvymmrp1hj5n0kbaxw55w1lqyp-libxcrypt-4.4.36' from 'https://cache.nixos.org'...

2026-04-16T14:45:32.032201685Z [inf]  copying path '/nix/store/qcghigzrz56vczwlzg9c02vbs6zr9jkz-nghttp2-1.64.0-lib' from 'https://cache.nixos.org'...

2026-04-16T14:45:32.032334677Z [inf]  copying path '/nix/store/mglixp03lsp0w986svwdvm7vcy17rdax-bzip2-1.0.8-bin' from 'https://cache.nixos.org'...

2026-04-16T14:45:32.037460501Z [inf]  copying path '/nix/store/9l9n7a0v4aibcz0sgd0crs209an9p7dz-openssl-3.3.2' from 'https://cache.nixos.org'...

2026-04-16T14:45:32.037817706Z [inf]  copying path '/nix/store/cf7gkacyxmm66lwl5nj6j6yykbrg4q5c-acl-2.3.2' from 'https://cache.nixos.org'...

2026-04-16T14:45:32.038319336Z [inf]  copying path '/nix/store/h1ydpxkw9qhjdxjpic1pdc2nirggyy6f-openssl-3.3.2' from 'https://cache.nixos.org'...

2026-04-16T14:45:32.038397561Z [inf]  copying path '/nix/store/5yja5dpk2qw1v5mbfbl2d7klcdfrh90w-patch-2.7.6' from 'https://cache.nixos.org'...

2026-04-16T14:45:32.043828265Z [inf]  copying path '/nix/store/3j1p598fivxs69wx3a657ysv3rw8k06l-pcre2-10.44' from 'https://cache.nixos.org'...

2026-04-16T14:45:32.045818178Z [inf]  copying path '/nix/store/2j3c18398phz5c1376x2qvva8gx9g551-libxcb-1.17.0' from 'https://cache.nixos.org'...

2026-04-16T14:45:32.046094568Z [inf]  copying path '/nix/store/2phvd8h14vwls0da1kmsxc73vzmhkm3b-util-linux-minimal-2.39.4-lib' from 'https://cache.nixos.org'...

2026-04-16T14:45:32.046178168Z [inf]  copying path '/nix/store/c2njy6bv84kw1i4bjf5k5gn7gz8hn57n-xz-5.6.3' from 'https://cache.nixos.org'...

2026-04-16T14:45:32.059776829Z [inf]  copying path '/nix/store/ll14czvpxglf6nnwmmrmygplm830fvlv-libuv-1.49.2-dev' from 'https://cache.nixos.org'...

2026-04-16T14:45:32.062415281Z [inf]  copying path '/nix/store/dz97fw51rm5bl9kz1vg0haj1j1a7r1mr-nghttp2-1.64.0-dev' from 'https://cache.nixos.org'...

2026-04-16T14:45:32.062624208Z [inf]  copying path '/nix/store/9cwwj1c9csmc85l2cqzs3h9hbf1vwl6c-gnutar-1.35' from 'https://cache.nixos.org'...

2026-04-16T14:45:32.066073508Z [inf]  copying path '/nix/store/xmbv8s4p4i4dbxgkgdrdfb0ym25wh6gk-isl-0.20' from 'https://cache.nixos.org'...

2026-04-16T14:45:32.07408234Z [inf]  copying path '/nix/store/qs22aazzrdd4dnjf9vffl0n31hvls43h-mpfr-4.2.1' from 'https://cache.nixos.org'...

2026-04-16T14:45:32.077397369Z [inf]  copying path '/nix/store/nvvj6sk0k6px48436drlblf4gafgbvzr-gzip-1.13' from 'https://cache.nixos.org'...

2026-04-16T14:45:32.078554747Z [inf]  copying path '/nix/store/cqlaa2xf6lslnizyj9xqa8j0ii1yqw0x-zlib-1.3.1' from 'https://cache.nixos.org'...

2026-04-16T14:45:32.087986254Z [inf]  copying path '/nix/store/h18s640fnhhj2qdh5vivcfbxvz377srg-xz-5.6.3-bin' from 'https://cache.nixos.org'...

2026-04-16T14:45:32.093440885Z [inf]  copying path '/nix/store/df2a8k58k00f2dh2x930dg6xs6g6mliv-binutils-2.43.1-lib' from 'https://cache.nixos.org'...
copying path '/nix/store/c4rj90r2m89rxs64hmm857mipwjhig5d-file-5.46' from 'https://cache.nixos.org'...

2026-04-16T14:45:32.093467466Z [inf]  copying path '/nix/store/1lggwqzapn5mn49l9zy4h566ysv9kzdb-zlib-1.3.1-dev' from 'https://cache.nixos.org'...

2026-04-16T14:45:32.102766013Z [inf]  copying path '/nix/store/nlqind4szw3amcmhgy4pd2n0894558gg-libX11-1.8.10' from 'https://cache.nixos.org'...

2026-04-16T14:45:32.102934008Z [inf]  copying path '/nix/store/aap6cq56amx4mzbyxp2wpgsf1kqjcr1f-gnugrep-3.11' from 'https://cache.nixos.org'...

2026-04-16T14:45:32.105143082Z [inf]  copying path '/nix/store/kj8hbqx4ds9qm9mq7hyikxyfwwg13kzj-glibc-2.40-36-dev' from 'https://cache.nixos.org'...

2026-04-16T14:45:32.106360284Z [inf]  copying path '/nix/store/2a3anh8vl3fcgk0fvaravlimrqawawza-libmpc-1.3.1' from 'https://cache.nixos.org'...

2026-04-16T14:45:32.214692319Z [inf]  copying path '/nix/store/r87iqz07igmwfvb12mgr6rmpb6353ys4-libXext-1.3.6' from 'https://cache.nixos.org'...

2026-04-16T14:45:32.227275233Z [inf]  copying path '/nix/store/5mb70vg3kdzkyn0zqdgm4f87mdi0yi4i-libglvnd-1.7.0' from 'https://cache.nixos.org'...

2026-04-16T14:45:32.240241295Z [inf]  copying path '/nix/store/lygl27c44xv73kx1spskcgvzwq7z337c-openssl-3.3.2-bin' from 'https://cache.nixos.org'...

2026-04-16T14:45:32.243160057Z [inf]  copying path '/nix/store/j7p46r8v9gcpbxx89pbqlh61zhd33gzv-binutils-2.43.1' from 'https://cache.nixos.org'...

2026-04-16T14:45:32.243182295Z [inf]  copying path '/nix/store/l89iqc7am6i60y8vk507zwrzxf0wcd3v-gcc-14-20241116' from 'https://cache.nixos.org'...
copying path '/nix/store/a2byxfv4lc8f2g5xfzw8cz5q8k05wi29-gmp-with-cxx-6.3.0' from 'https://cache.nixos.org'...
copying path '/nix/store/wwipgdqb4p2fr46kmw9c5wlk799kbl68-icu4c-74.2' from 'https://cache.nixos.org'...

2026-04-16T14:45:32.243223082Z [inf]  copying path '/nix/store/srfxqk119fijwnprgsqvn68ys9kiw0bn-patchelf-0.15.0' from 'https://cache.nixos.org'...

2026-04-16T14:45:32.2440864Z [inf]  copying path '/nix/store/v9c1s50x7magpiqgycxxkn36avzbcg0g-krb5-1.21.3-lib' from 'https://cache.nixos.org'...

2026-04-16T14:45:32.244103052Z [inf]  copying path '/nix/store/8675pnfr4fqnwv4pzjl67hdwls4q13aa-libssh2-1.11.1' from 'https://cache.nixos.org'...

2026-04-16T14:45:32.244129534Z [inf]  copying path '/nix/store/qq5q0alyzywdazhmybi7m69akz0ppk05-openssl-3.3.2-bin' from 'https://cache.nixos.org'...

2026-04-16T14:45:32.277103714Z [inf]  copying path '/nix/store/pp2zf8bdgyz60ds8vcshk2603gcjgp72-openssl-3.3.2-dev' from 'https://cache.nixos.org'...

2026-04-16T14:45:32.282780337Z [inf]  copying path '/nix/store/4s9rah4cwaxflicsk5cndnknqlk9n4p3-coreutils-9.5' from 'https://cache.nixos.org'...

2026-04-16T14:45:32.288107062Z [inf]  copying path '/nix/store/kqm7wpqkzc4bwjlzqizcbz0mgkj06a9x-openssl-3.3.2-dev' from 'https://cache.nixos.org'...

2026-04-16T14:45:32.335274521Z [inf]  copying path '/nix/store/pkc7mb4a4qvyz73srkqh4mwl70w98dsv-curl-8.11.0' from 'https://cache.nixos.org'...
copying path '/nix/store/milph81dilrh96isyivh5n50agpx39k2-krb5-1.21.3' from 'https://cache.nixos.org'...

2026-04-16T14:45:32.386778768Z [inf]  copying path '/nix/store/00g69vw7c9lycy63h45ximy0wmzqx5y6-diffutils-3.10' from 'https://cache.nixos.org'...
copying path '/nix/store/jqrz1vq5nz4lnv9pqzydj0ir58wbjfy1-findutils-4.10.0' from 'https://cache.nixos.org'...

2026-04-16T14:45:32.386801332Z [inf]  copying path '/nix/store/1i003ijlh9i0mzp6alqby5hg3090pjdx-perl-5.40.0' from 'https://cache.nixos.org'...

2026-04-16T14:45:32.395349016Z [inf]  copying path '/nix/store/d7zhcrcc7q3yfbm3qkqpgc3daq82spwi-libssh2-1.11.1-dev' from 'https://cache.nixos.org'...

2026-04-16T14:45:32.403152732Z [inf]  copying path '/nix/store/p123cq20klajcl9hj8jnkjip5nw6awhz-curl-8.11.0-bin' from 'https://cache.nixos.org'...

2026-04-16T14:45:32.416805014Z [inf]  copying path '/nix/store/b56mswksrql15knpb1bnhv3ysif340kd-krb5-1.21.3-dev' from 'https://cache.nixos.org'...

2026-04-16T14:45:32.479449437Z [inf]  copying path '/nix/store/4ig84cyqi6qy4n0sanrbzsw1ixa497jx-stdenv-linux' from 'https://cache.nixos.org'...

2026-04-16T14:45:32.519940152Z [inf]  copying path '/nix/store/5f5linrxzhhb3mrclkwdpm9bd8ygldna-curl-8.11.0-dev' from 'https://cache.nixos.org'...

2026-04-16T14:45:32.566475118Z [inf]  building '/nix/store/kmkgqwwal88b9lch9dl53iqa3wsm6vdb-libraries.drv'...

2026-04-16T14:45:32.629383629Z [inf]  building '/nix/store/crmicnx1sb63i6q6md7i8vz9mxb5cair-pnpm-9.15.9.tgz.drv'...

2026-04-16T14:45:32.836620486Z [inf]  building '/nix/store/91aaayacr12psqb9fmp8arg1xafgg9v2-ffeebf0acf3ae8b29f8c7049cd911b9636efd7e7-env.drv'...

2026-04-16T14:45:32.873033239Z [inf]  copying path '/nix/store/srcmmqi8kxjfygd0hyy42c8hv6cws83b-binutils-wrapper-2.43.1' from 'https://cache.nixos.org'...

2026-04-16T14:45:32.936473425Z [inf]  
trying https://registry.npmjs.org/pnpm/-/pnpm-9.15.9.tgz

2026-04-16T14:45:32.940689041Z [inf]    % Total    % Received % Xferd  Average Speed   Time    Time     Time  Current

2026-04-16T14:45:32.940705835Z [inf]                                   Dload  Upload   Total   Spent    Left  Speed

2026-04-16T14:45:33.074949138Z [inf]  100 4210k  100 4210k    0     0  30.6M      0 --:--:-- --:--:-- --:--:-- 30.6M

2026-04-16T14:45:33.162929436Z [inf]  copying path '/nix/store/m8w3mf0i4862q22bxad0wspkgdy4jnkk-icu4c-74.2-dev' from 'https://cache.nixos.org'...

2026-04-16T14:45:33.29419341Z [inf]  copying path '/nix/store/j7dx1n6m5axf9r2bvly580x2ixx546wq-nodejs-20.18.1' from 'https://cache.nixos.org'...

2026-04-16T14:45:37.138015334Z [inf]  copying path '/nix/store/xcn9p4xxfbvlkpah7pwchpav4ab9d135-gcc-wrapper-14-20241116' from 'https://cache.nixos.org'...

2026-04-16T14:45:37.1527255Z [inf]  copying path '/nix/store/d0gfdcag8bxzvg7ww4s7px4lf8sxisyx-stdenv-linux' from 'https://cache.nixos.org'...

2026-04-16T14:45:37.207977084Z [inf]  building '/nix/store/39q7099jg9cxpbhan0w51gs7m1drhrwg-pnpm.drv'...

2026-04-16T14:45:37.261726817Z [inf]  Running phase: unpackPhase

2026-04-16T14:45:37.267425164Z [inf]  unpacking source archive /nix/store/f4glllk86xq0kygag8bljhnazpa5q6w2-pnpm-9.15.9.tgz

2026-04-16T14:45:37.409700313Z [inf]  source root is package

2026-04-16T14:45:37.429344124Z [inf]  setting SOURCE_DATE_EPOCH to timestamp 499162500 of file package/package.json

2026-04-16T14:45:37.434149718Z [inf]  Running phase: installPhase

2026-04-16T14:45:37.882734211Z [inf]  building '/nix/store/clll52mgzwah6r3zjf102dd0wsrbalfx-ffeebf0acf3ae8b29f8c7049cd911b9636efd7e7-env.drv'...

2026-04-16T14:45:38.004813127Z [inf]  created 404 symlinks in user environment

2026-04-16T14:45:38.217668566Z [inf]  building '/nix/store/00ykbsk49q7j6p8fwplkl3q48rn77v6c-user-environment.drv'...

2026-04-16T14:45:38.417773397Z [inf]  removing old generations of profile /nix/var/nix/profiles/per-user/root/profile

2026-04-16T14:45:38.417791009Z [inf]  removing profile version 1

2026-04-16T14:45:38.418201265Z [inf]  removing old generations of profile /nix/var/nix/profiles/per-user/root/channels

2026-04-16T14:45:38.418386448Z [inf]  removing old generations of profile /nix/var/nix/profiles/per-user/root/profile
removing old generations of profile /nix/var/nix/profiles/per-user/root/channels

2026-04-16T14:45:38.420622309Z [inf]  finding garbage collector roots...

2026-04-16T14:45:38.420938792Z [inf]  removing stale link from '/nix/var/nix/gcroots/auto/lzjbmb2ry0z7lma2fvpqprb12921pnb5' to '/nix/var/nix/profiles/per-user/root/profile-1-link'

2026-04-16T14:45:38.425624956Z [inf]  deleting garbage...

2026-04-16T14:45:38.434376556Z [inf]  deleting '/nix/store/a9qf4wwhympzs35ncp80r185j6a21w07-user-environment'

2026-04-16T14:45:38.435443406Z [inf]  deleting '/nix/store/253kwn1730vnay87xkjgxa2v97w3y079-user-environment.drv'

2026-04-16T14:45:38.435591296Z [inf]  deleting '/nix/store/hn5mrh362n52x8wwab9s1v6bgn4n5c94-env-manifest.nix'

2026-04-16T14:45:38.451876002Z [inf]  deleting '/nix/store/5f5linrxzhhb3mrclkwdpm9bd8ygldna-curl-8.11.0-dev'

2026-04-16T14:45:38.452226269Z [inf]  deleting '/nix/store/b56mswksrql15knpb1bnhv3ysif340kd-krb5-1.21.3-dev'

2026-04-16T14:45:38.4528971Z [inf]  deleting '/nix/store/milph81dilrh96isyivh5n50agpx39k2-krb5-1.21.3'

2026-04-16T14:45:38.453981415Z [inf]  deleting '/nix/store/d0gfdcag8bxzvg7ww4s7px4lf8sxisyx-stdenv-linux'

2026-04-16T14:45:38.454168319Z [inf]  deleting '/nix/store/xcn9p4xxfbvlkpah7pwchpav4ab9d135-gcc-wrapper-14-20241116'

2026-04-16T14:45:38.454640232Z [inf]  deleting '/nix/store/srcmmqi8kxjfygd0hyy42c8hv6cws83b-binutils-wrapper-2.43.1'

2026-04-16T14:45:38.454994073Z [inf]  deleting '/nix/store/j7p46r8v9gcpbxx89pbqlh61zhd33gzv-binutils-2.43.1'

2026-04-16T14:45:38.458585191Z [inf]  deleting '/nix/store/df2a8k58k00f2dh2x930dg6xs6g6mliv-binutils-2.43.1-lib'

2026-04-16T14:45:38.459145134Z [inf]  deleting '/nix/store/4ig84cyqi6qy4n0sanrbzsw1ixa497jx-stdenv-linux'

2026-04-16T14:45:38.459297907Z [inf]  deleting '/nix/store/5yja5dpk2qw1v5mbfbl2d7klcdfrh90w-patch-2.7.6'

2026-04-16T14:45:38.460145986Z [inf]  deleting '/nix/store/74h4z8k82pmp24xryflv4lxkz8jlpqqd-ed-1.20.2'

2026-04-16T14:45:38.460532104Z [inf]  deleting '/nix/store/nvvj6sk0k6px48436drlblf4gafgbvzr-gzip-1.13'

2026-04-16T14:45:38.460888039Z [inf]  deleting '/nix/store/9cwwj1c9csmc85l2cqzs3h9hbf1vwl6c-gnutar-1.35'

2026-04-16T14:45:38.463031217Z [inf]  deleting '/nix/store/l89iqc7am6i60y8vk507zwrzxf0wcd3v-gcc-14-20241116'

2026-04-16T14:45:38.481079902Z [inf]  deleting '/nix/store/2a3anh8vl3fcgk0fvaravlimrqawawza-libmpc-1.3.1'

2026-04-16T14:45:38.481330619Z [inf]  deleting '/nix/store/qs22aazzrdd4dnjf9vffl0n31hvls43h-mpfr-4.2.1'

2026-04-16T14:45:38.48198523Z [inf]  deleting '/nix/store/fv7gpnvg922frkh81w5hkdhpz0nw3iiz-mirrors-list'

2026-04-16T14:45:38.482212627Z [inf]  deleting '/nix/store/00g69vw7c9lycy63h45ximy0wmzqx5y6-diffutils-3.10'

2026-04-16T14:45:38.48404969Z [inf]  deleting '/nix/store/aap6cq56amx4mzbyxp2wpgsf1kqjcr1f-gnugrep-3.11'

2026-04-16T14:45:38.48773966Z [inf]  deleting '/nix/store/3j1p598fivxs69wx3a657ysv3rw8k06l-pcre2-10.44'

2026-04-16T14:45:38.488029151Z [inf]  deleting '/nix/store/1i003ijlh9i0mzp6alqby5hg3090pjdx-perl-5.40.0'

2026-04-16T14:45:38.50684348Z [inf]  deleting '/nix/store/6cr0spsvymmrp1hj5n0kbaxw55w1lqyp-libxcrypt-4.4.36'

2026-04-16T14:45:38.507518595Z [inf]  deleting '/nix/store/mglixp03lsp0w986svwdvm7vcy17rdax-bzip2-1.0.8-bin'

2026-04-16T14:45:38.507835479Z [inf]  deleting '/nix/store/f4glllk86xq0kygag8bljhnazpa5q6w2-pnpm-9.15.9.tgz'

2026-04-16T14:45:38.507938142Z [inf]  deleting '/nix/store/lwi59jcfwk2lnrakmm1y5vw85hj3n1bi-source'

2026-04-16T14:45:39.63620549Z [inf]  deleting '/nix/store/xmbv8s4p4i4dbxgkgdrdfb0ym25wh6gk-isl-0.20'

2026-04-16T14:45:39.63691644Z [inf]  deleting '/nix/store/kryrg7ds05iwcmy81amavk8w13y4lxbs-gmp-6.3.0'

2026-04-16T14:45:39.637219232Z [inf]  deleting '/nix/store/ivl2v8rgg7qh1jkj5pwpqycax3rc2hnl-bzip2-1.0.8'

2026-04-16T14:45:39.637428688Z [inf]  deleting '/nix/store/d7zhcrcc7q3yfbm3qkqpgc3daq82spwi-libssh2-1.11.1-dev'

2026-04-16T14:45:39.637769076Z [inf]  deleting '/nix/store/wf5zj2gbib3gjqllkabxaw4dh0gzcla3-builder.pl'

2026-04-16T14:45:39.637899874Z [inf]  deleting '/nix/store/agvks3qmzja0yj54szi3vja6vx3cwkkw-curl-8.11.0-man'

2026-04-16T14:45:39.638901313Z [inf]  deleting '/nix/store/fp6cjl1zcmm6mawsnrb5yak1wkz2ma8l-gnumake-4.4.1'

2026-04-16T14:45:39.640853948Z [inf]  deleting '/nix/store/d29r1bdmlvwmj52apgcdxfl1mm9c5782-update-autotools-gnu-config-scripts-hook'

2026-04-16T14:45:39.6411987Z [inf]  deleting '/nix/store/kj8hbqx4ds9qm9mq7hyikxyfwwg13kzj-glibc-2.40-36-dev'

2026-04-16T14:45:39.646264426Z [inf]  deleting '/nix/store/pc74azbkr19rkd5bjalq2xwx86cj3cga-linux-headers-6.12'

2026-04-16T14:45:39.65558866Z [inf]  deleting '/nix/store/2003hyg40f9kpv337jz3283smr3j9rnc-source'

2026-04-16T14:45:39.65736123Z [inf]  deleting '/nix/store/c4rj90r2m89rxs64hmm857mipwjhig5d-file-5.46'

2026-04-16T14:45:39.657951241Z [inf]  deleting '/nix/store/h18s640fnhhj2qdh5vivcfbxvz377srg-xz-5.6.3-bin'

2026-04-16T14:45:39.65833547Z [inf]  deleting '/nix/store/c2njy6bv84kw1i4bjf5k5gn7gz8hn57n-xz-5.6.3'

2026-04-16T14:45:39.659764428Z [inf]  deleting '/nix/store/dz97fw51rm5bl9kz1vg0haj1j1a7r1mr-nghttp2-1.64.0-dev'

2026-04-16T14:45:39.660264227Z [inf]  deleting '/nix/store/p123cq20klajcl9hj8jnkjip5nw6awhz-curl-8.11.0-bin'

2026-04-16T14:45:39.660417435Z [inf]  deleting '/nix/store/pkc7mb4a4qvyz73srkqh4mwl70w98dsv-curl-8.11.0'

2026-04-16T14:45:39.66057224Z [inf]  deleting '/nix/store/qcghigzrz56vczwlzg9c02vbs6zr9jkz-nghttp2-1.64.0-lib'

2026-04-16T14:45:39.660861195Z [inf]  deleting '/nix/store/v9c1s50x7magpiqgycxxkn36avzbcg0g-krb5-1.21.3-lib'

2026-04-16T14:45:39.661823403Z [inf]  deleting '/nix/store/jqrz1vq5nz4lnv9pqzydj0ir58wbjfy1-findutils-4.10.0'

2026-04-16T14:45:39.663999524Z [inf]  deleting '/nix/store/kqm7wpqkzc4bwjlzqizcbz0mgkj06a9x-openssl-3.3.2-dev'

2026-04-16T14:45:39.665411769Z [inf]  deleting '/nix/store/qq5q0alyzywdazhmybi7m69akz0ppk05-openssl-3.3.2-bin'

2026-04-16T14:45:39.665759615Z [inf]  deleting '/nix/store/grixvx878884hy8x3xs0c0s1i00j632k-nghttp2-1.64.0'

2026-04-16T14:45:39.665986827Z [inf]  deleting '/nix/store/1c6bmxrrhm8bd26ai2rjqld2yyjrxhds-glibc-2.40-36-bin'

2026-04-16T14:45:39.666342703Z [inf]  deleting '/nix/store/1m67ipsk39xvhyqrxnzv2m2p48pil8kl-gnu-config-2024-01-01'

2026-04-16T14:45:39.666569221Z [inf]  deleting '/nix/store/qbry6090vlr9ar33kdmmbq2p5apzbga8-expand-response-params'

2026-04-16T14:45:39.666789248Z [inf]  deleting '/nix/store/2wh1gqyzf5xsvxpdz2k0bxiz583wwq29-keyutils-1.6.3-lib'

2026-04-16T14:45:39.666995765Z [inf]  deleting '/nix/store/srfxqk119fijwnprgsqvn68ys9kiw0bn-patchelf-0.15.0'

2026-04-16T14:45:39.667680249Z [inf]  deleting '/nix/store/1m82cbxhdbb85h3lykjpry4mnvyq5x0m-libraries'

2026-04-16T14:45:39.667836076Z [inf]  deleting '/nix/store/8675pnfr4fqnwv4pzjl67hdwls4q13aa-libssh2-1.11.1'

2026-04-16T14:45:39.668126444Z [inf]  deleting '/nix/store/a3c47r5z1q2c4rz0kvq8hlilkhx2s718-gawk-5.3.1'

2026-04-16T14:45:39.670091682Z [inf]  deleting '/nix/store/9l9n7a0v4aibcz0sgd0crs209an9p7dz-openssl-3.3.2'

2026-04-16T14:45:39.670513057Z [inf]  deleting '/nix/store/abm77lnrkrkb58z6xp1qwjcr1xgkcfwm-gnused-4.9'

2026-04-16T14:45:39.672824495Z [inf]  deleting unused links...

2026-04-16T14:45:41.709256681Z [inf]  note: currently hard linking saves 0.93 MiB

2026-04-16T14:45:41.722125421Z [inf]  61 store paths deleted, 560.91 MiB freed

2026-04-16T14:45:41.902076794Z [inf]  [stage-0  4/10] RUN nix-env -if .nixpacks/nixpkgs-ffeebf0acf3ae8b29f8c7049cd911b9636efd7e7.nix && nix-collect-garbage -d
2026-04-16T14:45:41.903616974Z [inf]  [stage-0  5/10] COPY . /app/.
2026-04-16T14:45:42.111085641Z [inf]  [stage-0  5/10] COPY . /app/.
2026-04-16T14:45:42.113033755Z [inf]  [stage-0  6/10] RUN --mount=type=cache,id=s/0f714fab-8d79-482c-bf20-41e54ec2d465-/root/local/share/pnpm/store/v3,target=/root/.local/share/pnpm/store/v3 pnpm i --frozen-lockfile
2026-04-16T14:45:42.747237052Z [inf]  Lockfile is up to date, resolution step is skipped

2026-04-16T14:45:42.82837231Z [inf]  Progress: resolved 1, reused 0, downloaded 0, added 0

2026-04-16T14:45:42.995378607Z [inf]  Packages: +477
++++++++++++++++++++++++++++++++++++++++++++++++++++++++++++++++++++++++++++++++

2026-04-16T14:45:43.966538036Z [inf]  Progress: resolved 477, reused 0, downloaded 0, added 0

2026-04-16T14:45:46.616860352Z [inf]  Progress: resolved 477, reused 0, downloaded 1, added 0

2026-04-16T14:45:47.631204341Z [inf]  Progress: resolved 477, reused 0, downloaded 72, added 48

2026-04-16T14:45:48.654356955Z [inf]  Progress: resolved 477, reused 0, downloaded 138, added 117

2026-04-16T14:45:49.850729513Z [inf]  Progress: resolved 477, reused 0, downloaded 225, added 221

2026-04-16T14:45:51.544976527Z [inf]  Progress: resolved 477, reused 0, downloaded 292, added 290

2026-04-16T14:45:53.126774453Z [inf]  Progress: resolved 477, reused 0, downloaded 331, added 311

2026-04-16T14:45:54.195569719Z [inf]  Progress: resolved 477, reused 0, downloaded 400, added 395

2026-04-16T14:45:55.198334141Z [inf]  Progress: resolved 477, reused 0, downloaded 466, added 464

2026-04-16T14:45:56.199229447Z [inf]  Progress: resolved 477, reused 0, downloaded 471, added 471

2026-04-16T14:45:58.995938788Z [inf]  Progress: resolved 477, reused 0, downloaded 472, added 471

2026-04-16T14:45:59.996435627Z [inf]  Progress: resolved 477, reused 0, downloaded 473, added 473

2026-04-16T14:46:01.493968223Z [inf]  Progress: resolved 477, reused 0, downloaded 474, added 473

2026-04-16T14:46:02.493952818Z [inf]  Progress: resolved 477, reused 0, downloaded 474, added 474

2026-04-16T14:46:06.267875251Z [inf]  Progress: resolved 477, reused 0, downloaded 475, added 474

2026-04-16T14:46:07.268511421Z [inf]  Progress: resolved 477, reused 0, downloaded 476, added 476

2026-04-16T14:46:08.608998117Z [inf]  Progress: resolved 477, reused 0, downloaded 477, added 476

2026-04-16T14:46:10.102445943Z [inf]  Progress: resolved 477, reused 0, downloaded 477, added 477

2026-04-16T14:46:10.105188982Z [inf]  Progress: resolved 477, reused 0, downloaded 477, added 477, done

2026-04-16T14:46:10.631350805Z [inf]  .../node_modules/@clerk/shared postinstall$ node ./scripts/postinstall.mjs

2026-04-16T14:46:10.819286177Z [inf]  .../esbuild@0.27.7/node_modules/esbuild postinstall$ node install.js

2026-04-16T14:46:10.82137097Z [inf]  .../esbuild@0.25.12/node_modules/esbuild postinstall$ node install.js

2026-04-16T14:46:10.823326114Z [inf]  .../node_modules/unrs-resolver postinstall$ napi-postinstall unrs-resolver 1.11.1 check

2026-04-16T14:46:10.824522314Z [inf]  .../esbuild@0.18.20/node_modules/esbuild postinstall$ node install.js

2026-04-16T14:46:11.286875337Z [inf]  .../node_modules/unrs-resolver postinstall: Done

2026-04-16T14:46:11.287668187Z [inf]  .../esbuild@0.25.12/node_modules/esbuild postinstall: Done

2026-04-16T14:46:11.288019241Z [inf]  .../esbuild@0.27.7/node_modules/esbuild postinstall: Done

2026-04-16T14:46:11.288361435Z [inf]  .../node_modules/@clerk/shared postinstall: Done

2026-04-16T14:46:11.343541834Z [inf]  .../sharp@0.34.5/node_modules/sharp install$ node install/check.js || npm run build

2026-04-16T14:46:11.47953026Z [inf]  .../esbuild@0.18.20/node_modules/esbuild postinstall: Done

2026-04-16T14:46:11.618713584Z [inf]  .../sharp@0.34.5/node_modules/sharp install: Done

2026-04-16T14:46:12.445211302Z [inf]  
dependencies:
+ @clerk/nextjs 7.2.1
+ @hookform/resolvers 5.2.2
+ @radix-ui/react-accordion 1.2.12
+ @radix-ui/react-dialog 1.1.15
+ @radix-ui/react-progress 1.1.8
+ @radix-ui/react-slot 1.2.4
+ @radix-ui/react-tabs 1.1.13
+ @tanstack/react-query 5.99.0
+ @upstash/redis 1.37.0
+ canvas-confetti 1.9.4
+ class-variance-authority 0.7.1
+ clsx 2.1.1
+ drizzle-orm 0.45.2
+ framer-motion 12.38.0
+ lottie-react 2.4.1
+ lucide-react 1.8.0
+ next 16.2.4
+ next-themes 0.4.6
+ pg 8.20.0
+ razorpay 2.9.6
+ react 19.2.4
+ react-dom 19.2.4
+ react-hook-form 7.72.1
+ resend 6.12.0
+ sonner 2.0.7
+ tailwind-merge 3.5.0
+ three 0.183.2
+ zod 4.3.6
+ zustand 5.0.12

devDependencies:
+ @tailwindcss/postcss 4.2.2
+ @types/node 20.19.39
+ @types/pg 8.20.0
+ @types/react 19.2.14
+ @types/react-dom 19.2.3
+ @types/three 0.183.1
+ drizzle-kit 0.31.10
+ eslint 9.39.4
+ eslint-config-next 16.2.4
+ tailwindcss 4.2.2
+ tsx 4.21.0
+ typescript 5.9.3


2026-04-16T14:46:13.036217866Z [inf]  Done in 30.7s using pnpm v9.15.9

2026-04-16T14:46:13.382801812Z [inf]  [stage-0  6/10] RUN --mount=type=cache,id=s/0f714fab-8d79-482c-bf20-41e54ec2d465-/root/local/share/pnpm/store/v3,target=/root/.local/share/pnpm/store/v3 pnpm i --frozen-lockfile
2026-04-16T14:46:13.394773100Z [inf]  [stage-0  7/10] COPY . /app/.
2026-04-16T14:46:15.243179640Z [inf]  [stage-0  7/10] COPY . /app/.
2026-04-16T14:46:15.251056370Z [inf]  [stage-0  8/10] RUN --mount=type=cache,id=s/0f714fab-8d79-482c-bf20-41e54ec2d465-next/cache,target=/app/.next/cache --mount=type=cache,id=s/0f714fab-8d79-482c-bf20-41e54ec2d465-node_modules/cache,target=/app/node_modules/.cache pnpm install && pnpm build
2026-04-16T14:46:16.418190532Z [inf]  Lockfile is up to date, resolution step is skipped

2026-04-16T14:46:16.606552561Z [inf]  Already up to date

2026-04-16T14:46:17.809324266Z [inf]  

2026-04-16T14:46:17.90808481Z [inf]  Done in 2.4s using pnpm v9.15.9

2026-04-16T14:46:18.679146153Z [inf]  
> super-builders@0.1.0 build /app
> next build


2026-04-16T14:46:18.888308311Z [inf]  ⚠ You are using a non-standard "NODE_ENV" value in your environment. This creates inconsistencies in the project and is strongly advised against. Read more: https://nextjs.org/docs/messages/non-standard-node-env

2026-04-16T14:46:19.457096666Z [inf]  Attention: Next.js now collects completely anonymous telemetry regarding usage.

2026-04-16T14:46:19.45779219Z [inf]  This information is used to shape Next.js' roadmap and prioritize features.

2026-04-16T14:46:19.458007872Z [inf]  You can learn more, including how to opt-out if you'd not like to participate in this anonymous program, by visiting the following URL:

2026-04-16T14:46:19.458092694Z [inf]  https://nextjs.org/telemetry

2026-04-16T14:46:19.458136462Z [inf]  

2026-04-16T14:46:19.501009322Z [inf]  ▲ Next.js 16.2.4 (Turbopack)

2026-04-16T14:46:19.501458725Z [inf]  

2026-04-16T14:46:19.660059132Z [inf]    Creating an optimized production build ...

2026-04-16T14:46:26.464977075Z [inf]  ✓ Compiled successfully in 6.4s

2026-04-16T14:46:26.494224975Z [inf]    Running TypeScript ...

2026-04-16T14:46:39.557873079Z [inf]    Finished TypeScript in 13.1s ...

2026-04-16T14:46:39.568214037Z [inf]    Collecting page data using 37 workers ...

2026-04-16T14:46:42.802366912Z [inf]  ⚠ Using edge runtime on a page currently disables static generation for that page

2026-04-16T14:46:43.638384735Z [inf]    Generating static pages using 37 workers (0/10) ...

2026-04-16T14:46:44.351087331Z [inf]    Generating static pages using 37 workers (2/10) 

2026-04-16T14:46:44.360883105Z [inf]    Generating static pages using 37 workers (4/10) 

2026-04-16T14:46:44.438895488Z [inf]  Each child in a list should have a unique "key" prop.

Check the top-level render call using <__next_viewport_boundary__>. See https://react.dev/link/warning-keys for more information.

2026-04-16T14:46:44.446862665Z [inf]  Each child in a list should have a unique "key" prop. See https://react.dev/link/warning-keys for more information.

2026-04-16T14:46:44.46341721Z [inf]  Each child in a list should have a unique "key" prop.

Check the top-level render call using <meta>. See https://react.dev/link/warning-keys for more information.

2026-04-16T14:46:44.464488745Z [inf]  Each child in a list should have a unique "key" prop.

Check the top-level render call using <head>. See https://react.dev/link/warning-keys for more information.

2026-04-16T14:46:44.499465828Z [inf]  ⚠ metadataBase property in metadata export is not set for resolving social open graph or twitter images, using "http://localhost:3000". See https://nextjs.org/docs/app/api-reference/functions/generate-metadata#metadatabase

2026-04-16T14:46:44.505971914Z [inf]  Each child in a list should have a unique "key" prop.

Check the top-level render call using <meta>. See https://react.dev/link/warning-keys for more information.
Each child in a list should have a unique "key" prop.

Check the top-level render call using <html>. See https://react.dev/link/warning-keys for more information.

2026-04-16T14:46:44.52570703Z [inf]  Each child in a list should have a unique "key" prop.

Check the top-level render call using <meta>. See https://react.dev/link/warning-keys for more information.

2026-04-16T14:46:44.526823854Z [inf]  Each child in a list should have a unique "key" prop.

Check the top-level render call using <head>. See https://react.dev/link/warning-keys for more information.

2026-04-16T14:46:44.584723344Z [inf]  Each child in a list should have a unique "key" prop.

Check the top-level render call using <__next_viewport_boundary__>. See https://react.dev/link/warning-keys for more information.

2026-04-16T14:46:44.585901328Z [inf]  Each child in a list should have a unique "key" prop.

Check the top-level render call using <html>. See https://react.dev/link/warning-keys for more information.

2026-04-16T14:46:44.598003184Z [inf]  Each child in a list should have a unique "key" prop.

Check the top-level render call using <meta>. See https://react.dev/link/warning-keys for more information.

2026-04-16T14:46:44.599060756Z [inf]  Each child in a list should have a unique "key" prop.

Check the top-level render call using <head>. See https://react.dev/link/warning-keys for more information.

2026-04-16T14:46:44.641116414Z [inf]  Error occurred prerendering page "/_global-error". Read more: https://nextjs.org/docs/messages/prerender-error

2026-04-16T14:46:44.651490135Z [inf]  TypeError: Cannot read properties of null (reading 'useContext')
    at <unknown> (.next/server/chunks/ssr/05w9_next_dist_09x50.3._.js:4:28834) {
  digest: '3224393894'
}

2026-04-16T14:46:44.652747883Z [inf]  Export encountered an error on /_global-error/page: /_global-error, exiting the build.

2026-04-16T14:46:44.736527868Z [inf]  ⨯ Next.js build worker exited with code: 1 and signal: null

2026-04-16T14:46:44.90871516Z [inf]   ELIFECYCLE  Command failed with exit code 1.

2026-04-16T14:46:45.072000025Z [err]  [stage-0  8/10] RUN --mount=type=cache,id=s/0f714fab-8d79-482c-bf20-41e54ec2d465-next/cache,target=/app/.next/cache --mount=type=cache,id=s/0f714fab-8d79-482c-bf20-41e54ec2d465-node_modules/cache,target=/app/node_modules/.cache pnpm install && pnpm build
2026-04-16T14:46:45.196773046Z [err]  Dockerfile:24
2026-04-16T14:46:45.196842820Z [err]  -------------------
2026-04-16T14:46:45.196853750Z [err]  22 |     # build phase
2026-04-16T14:46:45.196860300Z [err]  23 |     COPY . /app/.
2026-04-16T14:46:45.196870268Z [err]  24 | >>> RUN --mount=type=cache,id=s/0f714fab-8d79-482c-bf20-41e54ec2d465-next/cache,target=/app/.next/cache --mount=type=cache,id=s/0f714fab-8d79-482c-bf20-41e54ec2d465-node_modules/cache,target=/app/node_modules/.cache pnpm install && pnpm build
2026-04-16T14:46:45.196877293Z [err]  25 |
2026-04-16T14:46:45.196882746Z [err]  26 |
2026-04-16T14:46:45.196888364Z [err]  -------------------
2026-04-16T14:46:45.196894671Z [err]  ERROR: failed to build: failed to solve: process "/bin/bash -ol pipefail -c pnpm install && pnpm build" did not complete successfully: exit code: 1
2026-04-16T14:46:45.207740452Z [err]  Error: Docker build failed